{
  "RSpec": {
    "coverage": {
      "/Users/zulkar/Project/GitHub/PhotoAlbum/spec/support/devise_helpers.rb": [
        1,
        1,
        3,
        null,
        3,
        null,
        3,
        null,
        null,
        null,
        null,
        null,
        3,
        null,
        null
      ],
      "/Users/zulkar/Project/GitHub/PhotoAlbum/spec/support/utilities.rb": [
        1,
        6,
        null
      ],
      "/Users/zulkar/Project/GitHub/PhotoAlbum/spec/support/email.rb": [
        1,
        1,
        1,
        null,
        1,
        3,
        null,
        null
      ],
      "/Users/zulkar/Project/GitHub/PhotoAlbum/spec/support/carybara.rb": [
        1,
        1,
        1,
        null
      ],
      "/Users/zulkar/Project/GitHub/PhotoAlbum/spec/support/shared_contexts/shared_contexts.rb": [
        1,
        null,
        1,
        4,
        null,
        1,
        2,
        null,
        null,
        1,
        0,
        null,
        null
      ],
      "/Users/zulkar/Project/GitHub/PhotoAlbum/spec/support/database_cleaner.rb": [
        1,
        1,
        1,
        null,
        null,
        1,
        3,
        null,
        null,
        1,
        0,
        null,
        null,
        1,
        3,
        null,
        null,
        1,
        3,
        null,
        null
      ],
      "/Users/zulkar/Project/GitHub/PhotoAlbum/app/models/album.rb": [
        1,
        1,
        1,
        null,
        1,
        1,
        null,
        1,
        1,
        null,
        1,
        null,
        7,
        null,
        1,
        0,
        null,
        null,
        1,
        0,
        null,
        null,
        1,
        0,
        null,
        null,
        1,
        0,
        0,
        null,
        0,
        null,
        0,
        0,
        0,
        null,
        0,
        null,
        0,
        null,
        null
      ],
      "/Users/zulkar/Project/GitHub/PhotoAlbum/app/controllers/application_controller.rb": [
        1,
        1,
        null,
        1,
        null,
        1,
        null,
        1,
        0,
        null,
        0,
        null,
        null,
        1,
        18,
        9,
        null,
        null,
        null,
        null,
        null,
        9,
        null,
        null,
        null,
        null,
        1,
        null,
        1,
        0,
        null,
        0,
        null,
        null,
        1,
        6,
        6,
        null,
        0,
        null,
        null,
        null
      ],
      "/Users/zulkar/Project/GitHub/PhotoAlbum/app/sanitizers/user/parameter_sanitizer.rb": [
        1,
        1,
        1,
        null,
        null,
        null,
        null,
        null,
        null,
        null,
        null,
        null,
        1,
        0,
        null,
        null,
        1,
        0,
        null,
        null,
        null
      ],
      "/Users/zulkar/Project/GitHub/PhotoAlbum/app/controllers/albums_controller.rb": [
        1,
        1,
        null,
        1,
        null,
        1,
        null,
        1,
        6,
        null,
        null,
        1,
        0,
        0,
        null,
        null,
        1,
        0,
        0,
        0,
        null,
        0,
        null,
        null,
        null,
        1,
        0,
        0,
        null,
        null,
        1,
        null,
        1,
        0,
        null,
        0,
        0,
        0,
        0,
        null,
        null,
        null,
        null,
        1,
        0,
        null,
        null
      ]
    },
    "timestamp": 1525000166
  }
}
